<?xml version="1.0" encoding="UTF-8"?>
<robot generator="Robot 7.1.1 (Python 3.13.0 on win32)" generated="2024-10-26T17:00:29.219328" rpa="false" schemaversion="5">
<suite id="s1" name="TC001" source="C:\Automation_Python\Sample_Project_1\TestCases\TC001.robot">
<test id="s1-t1" name="Scenario 1:" line="17">
<kw name="Open Browser" owner="SeleniumLibrary">
<msg time="2024-10-26T17:00:29.441498" level="INFO">Opening browser 'chrome' to base url 'https://www.saucedemo.com/v1/'.</msg>
<arg>${_url}</arg>
<arg>${_browser}</arg>
<doc>Opens a new browser instance to the optional ``url``.</doc>
<status status="PASS" start="2024-10-26T17:00:29.441152" elapsed="2.828610"/>
</kw>
<kw name="LoginToWebsite">
<kw name="Input Text" owner="SeleniumLibrary">
<msg time="2024-10-26T17:00:32.271007" level="INFO">Typing text 'standard_user' into text field 'id:user-name'.</msg>
<arg>id:user-name</arg>
<arg>standard_user</arg>
<doc>Types the given ``text`` into the text field identified by ``locator``.</doc>
<status status="PASS" start="2024-10-26T17:00:32.270715" elapsed="0.087911"/>
</kw>
<kw name="Input Text" owner="SeleniumLibrary">
<msg time="2024-10-26T17:00:32.359064" level="INFO">Typing text 'secret_sauce' into text field 'id:password'.</msg>
<arg>id:password</arg>
<arg>secret_sauce</arg>
<doc>Types the given ``text`` into the text field identified by ``locator``.</doc>
<status status="PASS" start="2024-10-26T17:00:32.358849" elapsed="0.072617"/>
</kw>
<kw name="Click Button" owner="SeleniumLibrary">
<msg time="2024-10-26T17:00:32.431939" level="INFO">Clicking button 'xpath://input[@value='LOGIN']'.</msg>
<arg>xpath://input[@value='LOGIN']</arg>
<doc>Clicks the button identified by ``locator``.</doc>
<status status="PASS" start="2024-10-26T17:00:32.431694" elapsed="0.992605"/>
</kw>
<status status="PASS" start="2024-10-26T17:00:32.270278" elapsed="1.154188"/>
</kw>
<kw name="Sleep" owner="BuiltIn">
<msg time="2024-10-26T17:00:36.425134" level="INFO">Slept 3 seconds.</msg>
<arg>3</arg>
<doc>Pauses the test executed for the given time.</doc>
<status status="PASS" start="2024-10-26T17:00:33.424625" elapsed="3.000782"/>
</kw>
<kw name="Validate Products">
<for flavor="IN">
<iter>
<kw name="Log" owner="BuiltIn">
<msg time="2024-10-26T17:00:36.426956" level="FAIL">Resolving variable '${product['name']}' failed: TypeError: list indices must be integers or slices, not str</msg>
<arg>Validating product: ${product['name']}</arg>
<doc>Logs the given message with the given level.</doc>
<status status="FAIL" start="2024-10-26T17:00:36.426530" elapsed="0.000517">Resolving variable '${product['name']}' failed: TypeError: list indices must be integers or slices, not str</status>
</kw>
<kw name="Log" owner="BuiltIn">
<arg>Type of product: ${product}</arg>
<doc>Logs the given message with the given level.</doc>
<status status="NOT RUN" start="2024-10-26T17:00:36.427175" elapsed="0.000064"/>
</kw>
<kw name="Validate Product Details">
<arg>${product['name']}</arg>
<arg>${product['description']}</arg>
<arg>${product['price']}</arg>
<arg>${product['picture']}</arg>
<status status="NOT RUN" start="2024-10-26T17:00:36.427383" elapsed="0.000080"/>
</kw>
<var name="${product}">["{'id': '001', 'name': 'Sauce Labs Backpack', 'description': 'carry.allTheThings() with the sleek, streamlined Sly Pack that melds uncompromising style with unequaled laptop and tablet protection.', ...</var>
<status status="FAIL" start="2024-10-26T17:00:36.426388" elapsed="0.001155">Resolving variable '${product['name']}' failed: TypeError: list indices must be integers or slices, not str</status>
</iter>
<var>${product}</var>
<value>@{products}</value>
<status status="FAIL" start="2024-10-26T17:00:36.426154" elapsed="0.001484">Resolving variable '${product['name']}' failed: TypeError: list indices must be integers or slices, not str</status>
</for>
<arg>${PRODUCTS}</arg>
<status status="FAIL" start="2024-10-26T17:00:36.425771" elapsed="0.001992">Resolving variable '${product['name']}' failed: TypeError: list indices must be integers or slices, not str</status>
</kw>
<kw name="Close Browser" owner="SeleniumLibrary">
<doc>Closes the current browser.</doc>
<status status="NOT RUN" start="2024-10-26T17:00:36.427872" elapsed="0.000059"/>
</kw>
<status status="FAIL" start="2024-10-26T17:00:29.440057" elapsed="6.988007">Resolving variable '${product['name']}' failed: TypeError: list indices must be integers or slices, not str</status>
</test>
<status status="FAIL" start="2024-10-26T17:00:29.232920" elapsed="7.195581"/>
</suite>
<statistics>
<total>
<stat pass="0" fail="1" skip="0">All Tests</stat>
</total>
<tag>
</tag>
<suite>
<stat pass="0" fail="1" skip="0" id="s1" name="TC001">TC001</stat>
</suite>
</statistics>
<errors>
</errors>
</robot>
