<?xml version="1.0" encoding="UTF-8"?>
<robot generator="Robot 7.1.1 (Python 3.13.0 on win32)" generated="2025-03-25T20:55:49.581123" rpa="false" schemaversion="5">
<suite id="s1" name="Sample Project 1" source="C:\Automation_Python\Sample_Project_1">
<suite id="s1-s1" name="TestCases" source="C:\Automation_Python\Sample_Project_1\TestCases">
<suite id="s1-s1-s1" name="US002" source="C:\Automation_Python\Sample_Project_1\TestCases\US002.robot">
<kw name="Open Browser and Maximize" type="SETUP">
<kw name="Open Browser" owner="SeleniumLibrary">
<msg time="2025-03-25T20:55:49.707608" level="INFO">Opening browser 'Chrome' to base url 'https://www.saucedemo.com/v1/'.</msg>
<msg time="2025-03-25T20:55:49.949154" level="WARN">The chromedriver version (130.0.6723.69) detected in PATH at C:\Program Files\Python313\Scripts\chromedriver.exe might not be compatible with the detected chrome version (134.0.6998.119); currently, chromedriver 134.0.6998.165 is recommended for chrome 134.*, so it is advised to delete the driver in PATH and retry</msg>
<msg time="2025-03-25T20:55:53.101995" level="INFO">Cannot capture screenshot because no browser is open.</msg>
<msg time="2025-03-25T20:55:53.102294" level="FAIL">SessionNotCreatedException: Message: session not created: This version of ChromeDriver only supports Chrome version 130
Current browser version is 134.0.6998.119 with binary path C:\Program Files\Google\Chrome\Application\chrome.exe
Stacktrace:
	GetHandleVerifier [0x00007FF7D6933AB5+28005]
	(No symbol) [0x00007FF7D68983B0]
	(No symbol) [0x00007FF7D673580A]
	(No symbol) [0x00007FF7D6774397]
	(No symbol) [0x00007FF7D6773465]
	(No symbol) [0x00007FF7D676DB25]
	(No symbol) [0x00007FF7D6768DAE]
	(No symbol) [0x00007FF7D67B6C71]
	(No symbol) [0x00007FF7D67B62F0]
	(No symbol) [0x00007FF7D67AB7E3]
	(No symbol) [0x00007FF7D67775C8]
	(No symbol) [0x00007FF7D6778731]
	GetHandleVerifier [0x00007FF7D6C2643D+3118829]
	GetHandleVerifier [0x00007FF7D6C76C90+3448640]
	GetHandleVerifier [0x00007FF7D6C6CF0D+3408317]
	GetHandleVerifier [0x00007FF7D69FA40B+841403]
	(No symbol) [0x00007FF7D68A340F]
	(No symbol) [0x00007FF7D689F484]
	(No symbol) [0x00007FF7D689F61D]
	(No symbol) [0x00007FF7D688EB79]
	BaseThreadInitThunk [0x00007FFB3FFDE8D7+23]
	RtlUserThreadStart [0x00007FFB41A3BF6C+44]
</msg>
<arg>${URL}</arg>
<arg>Chrome</arg>
<doc>Opens a new browser instance to the optional ``url``.</doc>
<status status="FAIL" start="2025-03-25T20:55:49.707442" elapsed="3.398266">SessionNotCreatedException: Message: session not created: This version of ChromeDriver only supports Chrome version 130
Current browser version is 134.0.6998.119 with binary path C:\Program Files\Google\Chrome\Application\chrome.exe
Stacktrace:
	GetHandleVerifier [0x00007FF7D6933AB5+28005]
	(No symbol) [0x00007FF7D68983B0]
	(No symbol) [0x00007FF7D673580A]
	(No symbol) [0x00007FF7D6774397]
	(No symbol) [0x00007FF7D6773465]
	(No symbol) [0x00007FF7D676DB25]
	(No symbol) [0x00007FF7D6768DAE]
	(No symbol) [0x00007FF7D67B6C71]
	(No symbol) [0x00007FF7D67B62F0]
	(No symbol) [0x00007FF7D67AB7E3]
	(No symbol) [0x00007FF7D67775C8]
	(No symbol) [0x00007FF7D6778731]
	GetHandleVerifier [0x00007FF7D6C2643D+3118829]
	GetHandleVerifier [0x00007FF7D6C76C90+3448640]
	GetHandleVerifier [0x00007FF7D6C6CF0D+3408317]
	GetHandleVerifier [0x00007FF7D69FA40B+841403]
	(No symbol) [0x00007FF7D68A340F]
	(No symbol) [0x00007FF7D689F484]
	(No symbol) [0x00007FF7D689F61D]
	(No symbol) [0x00007FF7D688EB79]
	BaseThreadInitThunk [0x00007FFB3FFDE8D7+23]
	RtlUserThreadStart [0x00007FFB41A3BF6C+44]
</status>
</kw>
<kw name="Maximize Browser Window" owner="SeleniumLibrary">
<doc>Maximizes current browser window.</doc>
<status status="NOT RUN" start="2025-03-25T20:55:53.105887" elapsed="0.000025"/>
</kw>
<kw name="Sleep" owner="BuiltIn">
<arg>2</arg>
<doc>Pauses the test executed for the given time.</doc>
<status status="NOT RUN" start="2025-03-25T20:55:53.105981" elapsed="0.000018"/>
</kw>
<status status="FAIL" start="2025-03-25T20:55:49.706997" elapsed="3.399099">SessionNotCreatedException: Message: session not created: This version of ChromeDriver only supports Chrome version 130
Current browser version is 134.0.6998.119 with binary path C:\Program Files\Google\Chrome\Application\chrome.exe
Stacktrace:
	GetHandleVerifier [0x00007FF7D6933AB5+28005]
	(No symbol) [0x00007FF7D68983B0]
	(No symbol) [0x00007FF7D673580A]
	(No symbol) [0x00007FF7D6774397]
	(No symbol) [0x00007FF7D6773465]
	(No symbol) [0x00007FF7D676DB25]
	(No symbol) [0x00007FF7D6768DAE]
	(No symbol) [0x00007FF7D67B6C71]
	(No symbol) [0x00007FF7D67B62F0]
	(No symbol) [0x00007FF7D67AB7E3]
	(No symbol) [0x00007FF7D67775C8]
	(No symbol) [0x00007FF7D6778731]
	GetHandleVerifier [0x00007FF7D6C2643D+3118829]
	GetHandleVerifier [0x00007FF7D6C76C90+3448640]
	GetHandleVerifier [0x00007FF7D6C6CF0D+3408317]
	GetHandleVerifier [0x00007FF7D69FA40B+841403]
	(No symbol) [0x00007FF7D68A340F]
	(No symbol) [0x00007FF7D689F484]
	(No symbol) [0x00007FF7D689F61D]
	(No symbol) [0x00007FF7D688EB79]
	BaseThreadInitThunk [0x00007FFB3FFDE8D7+23]
	RtlUserThreadStart [0x00007FFB41A3BF6C+44]
</status>
</kw>
<test id="s1-s1-s1-t1" name="Manage Shopping Cart" line="33">
<doc>Verify that users can manage their shopping cart.</doc>
<status status="FAIL" start="2025-03-25T20:55:53.106178" elapsed="0.000435">Parent suite setup failed:
SessionNotCreatedException: Message: session not created: This version of ChromeDriver only supports Chrome version 130
Current browser version is 134.0.6998.119 with binary path C:\Program Files\Google\Chrome\Application\chrome.exe
Stacktrace:
	GetHandleVerifier [0x00007FF7D6933AB5+28005]
	(No symbol) [0x00007FF7D68983B0]
	(No symbol) [0x00007FF7D673580A]
	(No symbol) [0x00007FF7D6774397]
	(No symbol) [0x00007FF7D6773465]
	(No symbol) [0x00007FF7D676DB25]
	(No symbol) [0x00007FF7D6768DAE]
	(No symbol) [0x00007FF7D67B6C71]
	(No symbol) [0x00007FF7D67B62F0]
	(No symbol) [0x00007FF7D67AB7E3]
	(No symbol) [0x00007FF7D67775C8]
	(No symbol) [0x00007FF7D6778731]
	GetHandleVerifier [0x00007FF7D6C2643D+3118829]
	GetHandleVerifier [0x00007FF7D6C76C90+3448640]
	GetHandleVerifier [0x00007FF7D6C6CF0D+3408317]
	GetHandleVerifier [0x00007FF7D69FA40B+841403]
	(No symbol) [0x00007FF7D68A340F]
	(No symbol) [0x00007FF7D689F484]
	(No symbol) [0x00007FF7D689F61D]
	(No symbol) [0x00007FF7D688EB79]
	BaseThreadInitThunk [0x00007FFB3FFDE8D7+23]
	RtlUserThreadStart [0x00007FFB41A3BF6C+44]
</status>
</test>
<kw name="Close Browser" owner="SeleniumLibrary" type="TEARDOWN">
<doc>Closes the current browser.</doc>
<status status="PASS" start="2025-03-25T20:55:53.107972" elapsed="0.000143"/>
</kw>
<status status="FAIL" start="2025-03-25T20:55:49.601040" elapsed="3.507110">Suite setup failed:
SessionNotCreatedException: Message: session not created: This version of ChromeDriver only supports Chrome version 130
Current browser version is 134.0.6998.119 with binary path C:\Program Files\Google\Chrome\Application\chrome.exe
Stacktrace:
	GetHandleVerifier [0x00007FF7D6933AB5+28005]
	(No symbol) [0x00007FF7D68983B0]
	(No symbol) [0x00007FF7D673580A]
	(No symbol) [0x00007FF7D6774397]
	(No symbol) [0x00007FF7D6773465]
	(No symbol) [0x00007FF7D676DB25]
	(No symbol) [0x00007FF7D6768DAE]
	(No symbol) [0x00007FF7D67B6C71]
	(No symbol) [0x00007FF7D67B62F0]
	(No symbol) [0x00007FF7D67AB7E3]
	(No symbol) [0x00007FF7D67775C8]
	(No symbol) [0x00007FF7D6778731]
	GetHandleVerifier [0x00007FF7D6C2643D+3118829]
	GetHandleVerifier [0x00007FF7D6C76C90+3448640]
	GetHandleVerifier [0x00007FF7D6C6CF0D+3408317]
	GetHandleVerifier [0x00007FF7D69FA40B+841403]
	(No symbol) [0x00007FF7D68A340F]
	(No symbol) [0x00007FF7D689F484]
	(No symbol) [0x00007FF7D689F61D]
	(No symbol) [0x00007FF7D688EB79]
	BaseThreadInitThunk [0x00007FFB3FFDE8D7+23]
	RtlUserThreadStart [0x00007FFB41A3BF6C+44]
</status>
</suite>
<status status="FAIL" start="2025-03-25T20:55:49.600260" elapsed="3.508655"/>
</suite>
<status status="FAIL" start="2025-03-25T20:55:49.582190" elapsed="3.527104"/>
</suite>
<statistics>
<total>
<stat pass="0" fail="1" skip="0">All Tests</stat>
</total>
<tag>
</tag>
<suite>
<stat pass="0" fail="1" skip="0" id="s1" name="Sample Project 1">Sample Project 1</stat>
<stat pass="0" fail="1" skip="0" id="s1-s1" name="TestCases">Sample Project 1.TestCases</stat>
<stat pass="0" fail="1" skip="0" id="s1-s1-s1" name="US002">Sample Project 1.TestCases.US002</stat>
</suite>
</statistics>
<errors>
<msg time="2025-03-25T20:55:49.949154" level="WARN">The chromedriver version (130.0.6723.69) detected in PATH at C:\Program Files\Python313\Scripts\chromedriver.exe might not be compatible with the detected chrome version (134.0.6998.119); currently, chromedriver 134.0.6998.165 is recommended for chrome 134.*, so it is advised to delete the driver in PATH and retry</msg>
</errors>
</robot>
